[  0%] Built target flighttasks_generated
[  0%] Built target generate_topic_listener
[  0%] Built target events_header
[  1%] Built target drivers_board
[  1%] Built target ver_gen
[  1%] Built target uorb_headers
[  2%] Built target parameters_xml
[  2%] Built target git_mavlink_v2
[  2%] Built target mixer_gen
[  2%] Built target mixer_gen_6dof
[  2%] Built target git_gps_devices
[  2%] [34m[1mGenerating ../../logs[0m
[  3%] Built target tinybson
[  3%] Built target logs_symlink
[  3%] Built target perf
[  3%] Built target geo
[  5%] Built target work_queue
[  5%] Built target MixerBase
[  5%] Built target events_json
[  6%] Built target output_limit
[  6%] Built target version
[  6%] Built target wind_estimator
[  7%] Built target rc
[  7%] Built target world_magnetic_model
[  7%] Built target AllocatedActuatorMixer
[  8%] Built target MultirotorMixer
[  8%] Built target HelicopterMixer
[  8%] Built target NullMixer
[  8%] Built target component_general_json
[  8%] Built target SimpleMixer
[  8%] Built target romfs_gen_files_target
[ 10%] Built target mixer
[ 29%] Built target uorb_msgs
[ 29%] Built target parameters
[ 30%] Built target px4_work_queue
[ 31%] Built target uORB
[ 32%] Built target px4_platform
[ 32%] Built target lockstep_scheduler
[ 34%] Built target px4_daemon
[ 35%] Built target px4_layer
[ 35%] Built target cdev
[ 37%] Built target airspeed
[ 37%] Built target hysteresis
[ 37%] Built target bezier
[ 38%] Built target battery
[ 38%] Built target CollisionPrevention
[ 37%] Built target systemlib
[ 37%] Built target circuit_breaker
[ 38%] Built target conversion
[ 38%] Built target drivers_barometer
[ 39%] Built target drivers__device
[ 40%] Built target controllib
[ 41%] Built target l1
[ 41%] Built target landing_slope
[ 42%] Built target mathlib
[ 42%] Built target mixer_module
[ 42%] Built target motion_planning
[ 42%] Built target pid
[ 42%] Built target lib__rc__rc_tests
[ 42%] Built target SlewRate
[ 42%] Built target sensor_calibration
[ 42%] Built target SystemIdentification
[ 42%] Built target tecs
[ 42%] Built target tunes
[ 42%] Built target arch_tone_alarm
[ 43%] Built target WeatherVane
[ 43%] Built target modules__uORB__uORB_tests
[ 45%] Built target lib__work_queue__test__wqueue_test
[ 45%] Built target drivers__camera_trigger
[ 46%] Built target drivers__gps
[ 46%] Built target drivers__pwm_out_sim
[ 46%] Built target examples__rpm_simulator
[ 46%] Built target drivers__tone_alarm
[ 46%] Built target modules__airship_att_control
[ 47%] Built target modules__airspeed_selector
[ 47%] Built target modules__attitude_estimator_q
[ 47%] Built target modules__camera_feedback
[ 47%] Built target ArmAuthorization
[ 47%] Built target failure_detector
[ 47%] Built target HealthFlags
[ 47%] Built target modules__commander__commander_tests
[ 48%] Built target modules__dataman
[ 49%] Built target EKF2Utility
[ 50%] Built target modules__events
[ 50%] Built target FlightTask
[ 50%] Built target modules__fw_att_control
[ 50%] Built target launchdetection
[ 51%] Built target runway_takeoff
[ 51%] Built target modules__gyro_calibration
[ 52%] Built target modules__gyro_fft
[ 53%] Built target modules__load_mon
[ 53%] Built target modules__landing_target_estimator
[ 54%] Built target modules__land_detector
[ 56%] Built target modules__logger
[ 56%] Built target modules__mag_bias_estimator
[ 56%] Built target AttitudeControl
[ 57%] Built target modules__local_position_estimator
[ 57%] Built target mc_autotune_attitude_control
[ 58%] Built target modules__mavlink__mavlink_tests
[ 59%] Built target zero_order_hover_thrust_ekf
[ 59%] Built target PositionControl
[ 59%] Built target Takeoff
[ 60%] Built target RateControl
[ 60%] Built target geofence_breach_avoidance
[ 60%] Built target modules__rc_update
[ 61%] Built target modules__replay
[ 61%] Built target modules__rover_pos_control
[ 61%] Built target data_validator
[ 62%] Built target vehicle_acceleration
[ 62%] Built target vehicle_gps_position
[ 62%] Built target vehicle_air_data
[ 62%] Built target vehicle_angular_velocity
[ 63%] Built target vehicle_magnetometer
[ 63%] Built target vehicle_imu
[ 63%] Built target modules__simulator__battery_simulator
[ 64%] Built target modules__temperature_compensation
[ 64%] Built target modules__uuv_att_control
[ 64%] Built target modules__uuv_pos_control
[ 65%] Built target drivers__vmount
[ 67%] Built target modules__vtol_att_control
[ 67%] Built target systemcmds__dyn
[ 67%] Built target systemcmds__esc_calib
[ 68%] Built target systemcmds__failure
[ 68%] Built target systemcmds__led_control
[ 68%] Built target systemcmds__mixer
[ 68%] Built target systemcmds__motor_ramp
[ 69%] Built target systemcmds__motor_test
[ 69%] Built target systemcmds__param
[ 69%] Built target systemcmds__perf
[ 69%] Built target systemcmds__pwm
[ 69%] Built target systemcmds__sd_bench
[ 70%] Built target systemcmds__shutdown
[ 70%] Built target systemcmds__system_time
[ 70%] Built target systemcmds__tests__hrt_test
[ 74%] Built target systemcmds__tests
[ 75%] Built target systemcmds__topic_listener
[ 75%] Built target systemcmds__tune_control
[ 75%] Built target systemcmds__uorb
[ 75%] Built target systemcmds__ver
[ 76%] Built target systemcmds__work_queue
[ 76%] Built target modules__fake_gps
[ 76%] Built target examples__hello
[ 78%] Built target examples__px4_mavlink_debug
[ 78%] Built target examples__fixedwing_control
[ 78%] Built target examples__px4_simple_app
[ 78%] Built target examples__rover_steering_control
[ 78%] Built target examples__uuv_example_app
[ 78%] Built target avoidance
[ 80%] Built target examples__work_item
[ 80%] Built target lib__cdev__test__cdev_test
[ 80%] Built target lib__controllib__controllib_test
[ 80%] Built target drivers_accelerometer
[ 80%] Built target drivers_magnetometer
[ 80%] Built target drivers_gyroscope
[ 81%] Built target FlightTaskDescend
[ 81%] Built target FlightTaskUtility
[ 81%] Built target FlightTaskFailsafe
[ 85%] Built target modules__ekf2
[ 85%] Built target PreFlightCheck
[ 85%] Built target modules__mc_att_control
[ 86%] Built target modules__fw_pos_control_l1
[ 86%] Built target modules__mc_hover_thrust_estimator
[ 86%] Built target modules__mc_rate_control
[ 86%] Built target modules__mc_pos_control
[ 86%] Built target modules__sensors
[ 86%] Built target modules__fake_imu
[ 89%] Built target modules__navigator
[ 90%] Built target examples__fake_magnetometer
[ 91%] Built target modules__simulator
[ 91%] Built target FlightTaskAuto
[ 92%] Built target FlightTaskManualAltitude
[ 94%] Built target modules__commander
[ 94%] Built target FlightTaskTransition
[ 94%] Built target FlightTaskAutoMapper
[ 94%] Built target FlightTaskAutoFollowMe
[ 94%] Built target FlightTaskManualAltitudeSmoothVel
[ 94%] Built target FlightTaskManualPosition
[ 95%] Built target FlightTaskAutoLineSmoothVel
[ 95%] Built target FlightTaskManualAcceleration
[ 96%] Built target FlightTaskOrbit
[ 96%] Built target FlightTaskManualPositionSmoothVel
[ 98%] Built target modules__mavlink
[100%] Built target modules__flight_mode_manager
[100%] Built target px4
[100%] Built target examples__dyn_hello
